This is pdfTeX, Version 3.14159265-2.6-1.40.18 (TeX Live 2017/Debian) (preloaded format=pdftex 2020.8.19)  24 NOV 2020 13:23
entering extended mode
 restricted \write18 enabled.
 %&-line parsing enabled.
**co-debruijn.tex
(./co-debruijn.tex (./cwebmac.tex
(/usr/share/texlive/texmf-dist/tex/generic/pdftex/pdfcolor.tex)
\PPbox=\box16
\MMbox=\box17
\MGbox=\box18
\MODbox=\box19
\bak=\box20
\bakk=\box21
\ind=\count27
\gdepth=\count28
\secpagedepth=\count29
\gtitle=\toks13
\intersecskip=\skip18
\toksA=\toks14
\toksB=\toks15
\toksC=\toks16
\toksD=\toks17
\toksE=\toks18
\toksF=\toks19
\usersanitizer=\toks20
\countA=\count30
\countB=\count31
\countC=\count32
\pagewidth=\dimen16
\pageheight=\dimen17
\fullpageheight=\dimen18
\pageshift=\dimen19
\cont=\write0
\sbox=\box22
\lbox=\box23
\twodigits=\count33
) *1 [1{/var/lib/texmf/fonts/map/pdftex/updmap/pdftex.map}
\openout0 = `co-debruijn.toc'.

] [2] *8 Index: (./co-debruijn.idx)
[3] Section names: (./co-debruijn.toc) (./co-debruijn.scn) [4]
Table of contents: (./co-debruijn.toc) [0] )</usr/share/texlive/texmf-dist/font
s/type1/public/amsfonts/cm/cmbx10.pfb></usr/share/texlive/texmf-dist/fonts/type
1/public/amsfonts/cm/cmmi10.pfb></usr/share/texlive/texmf-dist/fonts/type1/publ
ic/amsfonts/cm/cmmi7.pfb></usr/share/texlive/texmf-dist/fonts/type1/public/amsf
onts/cm/cmr10.pfb></usr/share/texlive/texmf-dist/fonts/type1/public/amsfonts/cm
/cmr7.pfb></usr/share/texlive/texmf-dist/fonts/type1/public/amsfonts/cm/cmr8.pf
b></usr/share/texlive/texmf-dist/fonts/type1/public/amsfonts/cm/cmsy10.pfb></us
r/share/texlive/texmf-dist/fonts/type1/public/amsfonts/cm/cmsy7.pfb></usr/share
/texlive/texmf-dist/fonts/type1/public/amsfonts/cm/cmtex10.pfb></usr/share/texl
ive/texmf-dist/fonts/type1/public/amsfonts/cm/cmti10.pfb>
Output written on co-debruijn.pdf (5 pages, 130964 bytes).
PDF statistics:
 163 PDF objects out of 1000 (max. 8388607)
 144 compressed objects within 2 object streams
 1 named destinations out of 1000 (max. 500000)
 49 words of extra memory for PDF output out of 10000 (max. 10000000)

