This is pdfTeX, Version 3.14159265-2.6-1.40.18 (TeX Live 2017/Debian) (preloaded format=pdftex 2020.8.19)  24 NOV 2020 13:23
entering extended mode
 restricted \write18 enabled.
 %&-line parsing enabled.
**hulls.tex
(./hulls.tex (./cwebmac.tex
(/usr/share/texlive/texmf-dist/tex/generic/pdftex/pdfcolor.tex)
\PPbox=\box16
\MMbox=\box17
\MGbox=\box18
\MODbox=\box19
\bak=\box20
\bakk=\box21
\ind=\count27
\gdepth=\count28
\secpagedepth=\count29
\gtitle=\toks13
\intersecskip=\skip18
\toksA=\toks14
\toksB=\toks15
\toksC=\toks16
\toksD=\toks17
\toksE=\toks18
\toksF=\toks19
\usersanitizer=\toks20
\countA=\count30
\countB=\count31
\countC=\count32
\pagewidth=\dimen16
\pageheight=\dimen17
\fullpageheight=\dimen18
\pageshift=\dimen19
\cont=\write0
\sbox=\box22
\lbox=\box23
\twodigits=\count33
) *1 [1{/var/lib/texmf/fonts/map/pdftex/updmap/pdftex.map}
\openout0 = `hulls.toc'.

] *3 [2] *7 [3] [4] *11 Index:
(./hulls.idx) [5] Section names: (./hulls.toc) (./hulls.scn) [6] )</usr/share/t
exlive/texmf-dist/fonts/type1/public/amsfonts/cm/cmbx10.pfb></usr/share/texlive
/texmf-dist/fonts/type1/public/amsfonts/cm/cmex10.pfb></usr/share/texlive/texmf
-dist/fonts/type1/public/amsfonts/cm/cmmi10.pfb></usr/share/texlive/texmf-dist/
fonts/type1/public/amsfonts/cm/cmr10.pfb></usr/share/texlive/texmf-dist/fonts/t
ype1/public/amsfonts/cm/cmr7.pfb></usr/share/texlive/texmf-dist/fonts/type1/pub
lic/amsfonts/cm/cmr8.pfb></usr/share/texlive/texmf-dist/fonts/type1/public/amsf
onts/cm/cmsy10.pfb></usr/share/texlive/texmf-dist/fonts/type1/public/amsfonts/c
m/cmtex10.pfb></usr/share/texlive/texmf-dist/fonts/type1/public/amsfonts/cm/cmt
i10.pfb></usr/share/texlive/texmf-dist/fonts/type1/public/amsfonts/cm/cmtt10.pf
b>
Output written on hulls.pdf (6 pages, 138565 bytes).
PDF statistics:
 229 PDF objects out of 1000 (max. 8388607)
 208 compressed objects within 3 object streams
 1 named destinations out of 1000 (max. 500000)
 105 words of extra memory for PDF output out of 10000 (max. 10000000)

