This is pdfTeX, Version 3.14159265-2.6-1.40.18 (TeX Live 2017/Debian) (preloaded format=pdftex 2020.8.19)  24 NOV 2020 13:23
entering extended mode
 restricted \write18 enabled.
 %&-line parsing enabled.
**hyperbolic.tex
(./hyperbolic.tex (./cwebmac.tex
(/usr/share/texlive/texmf-dist/tex/generic/pdftex/pdfcolor.tex)
\PPbox=\box16
\MMbox=\box17
\MGbox=\box18
\MODbox=\box19
\bak=\box20
\bakk=\box21
\ind=\count27
\gdepth=\count28
\secpagedepth=\count29
\gtitle=\toks13
\intersecskip=\skip18
\toksA=\toks14
\toksB=\toks15
\toksC=\toks16
\toksD=\toks17
\toksE=\toks18
\toksF=\toks19
\usersanitizer=\toks20
\countA=\count30
\countB=\count31
\countC=\count32
\pagewidth=\dimen16
\pageheight=\dimen17
\fullpageheight=\dimen18
\pageshift=\dimen19
\cont=\write0
\sbox=\box22
\lbox=\box23
\twodigits=\count33
)
(/usr/share/texlive/texmf-dist/tex/generic/epsf/epsf.tex
This is `epsf.tex' v2.7.4 <14 February 2011>
\epsffilein=\read1
\epsfframemargin=\dimen20
\epsfframethickness=\dimen21
\epsfrsize=\dimen22
\epsftmp=\dimen23
\epsftsize=\dimen24
\epsfxsize=\dimen25
\epsfysize=\dimen26
\pspoints=\dimen27
) *1 [1{/var/lib/texmf/fonts/map/pdftex/updmap/pdftex.map}
\openout0 = `hyperbolic.toc'.

] *2
(hyperbolic.1
! Could not open file hyperbolic.1, ignoring it.
\epsfgetbb ...Could not open file #1, ignoring it}
                                                  \else {\chardef \other = 1...

\next #1->\epsfgetbb {#1}
                         \epsfsetgraph {#1}
\epsfbox #1->\hbox {\possiblyflakyepsfbox {#1}
                                              }
l.102 $$\vcenter{\epsfbox{hyperbolic.1}
                                       }$$
? 
)
[2] [3]
Overfull \vbox (33.61815pt too high) has occurred while \output is active
\vbox(628.74878+0.0)x469.75499, glue set - 1.0
.\glue(\topskip) 3.05556 plus 60.0
.\hbox(6.94444+1.94444)x469.75499, glue set 354.80554fil
..\tenrm t
..\tenrm r
..\tenrm i
..\tenrm a
..\tenrm n
..etc.
.\penalty 10000
.\glue(\abovedisplayskip) 12.0 plus 3.0 minus 9.0
.\glue(\lineskip) 1.0
.etc.


[4
Non-PDF special ignored!] [5] [6] [7] *10 [8] *13 [9] [10] *17
(hyperbolic.2
! Could not open file hyperbolic.2, ignoring it.
\epsfgetbb ...Could not open file #1, ignoring it}
                                                  \else {\chardef \other = 1...

\next #1->\epsfgetbb {#1}
                         \epsfsetgraph {#1}
\epsfbox #1->\hbox {\possiblyflakyepsfbox {#1}
                                              }
\centerline #1->\line {\hss #1
                              \hss }
l.446 \centerline{\epsfbox{hyperbolic.2}}
                                         
? 
)
[11]
Overfull \vbox (21.6737pt too high) has occurred while \output is active
\vbox(628.74878+0.0)x469.75499
.\glue(\topskip) 0.0 plus 60.0
.\hbox(650.42249+0.0)x469.75499, glue set 0.00272fil
..\glue 0.0 plus 1.0fil minus 1.0fil
..\hbox(650.42249+0.0)x469.74957
...\hbox(650.42249+0.0)x469.74957 []
..\glue 0.0 plus 1.0fil minus 1.0fil
.\mark{{{\tensy x}18}{1}{Dual output}}
.\kern 0.0
.\glue 0.0 plus 1.0fil


[12
Non-PDF special ignored!] *18
(hyperbolic.3
! Could not open file hyperbolic.3, ignoring it.
\epsfgetbb ...Could not open file #1, ignoring it}
                                                  \else {\chardef \other = 1...

\next #1->\epsfgetbb {#1}
                         \epsfsetgraph {#1}
\epsfbox #1->\hbox {\possiblyflakyepsfbox {#1}
                                              }
\centerline #1->\line {\hss #1
                              \hss }
l.454 \centerline{\epsfbox{hyperbolic.3}}
                                         
? 
)
[13]
Overfull \vbox (21.6737pt too high) has occurred while \output is active
\vbox(628.74878+0.0)x469.75499
.\glue(\topskip) 0.0 plus 60.0
.\hbox(650.42249+0.0)x469.75499, glue set 0.00272fil
..\glue 0.0 plus 1.0fil minus 1.0fil
..\hbox(650.42249+0.0)x469.74957
...\hbox(650.42249+0.0)x469.74957 []
..\glue 0.0 plus 1.0fil minus 1.0fil
.\mark{{{\tensy x}19}{1}{The overall tiling}}
.\kern 0.0
.\glue 0.0 plus 1.0fil


[14
Non-PDF special ignored!] *19
(hyperbolic.4
! Could not open file hyperbolic.4, ignoring it.
\epsfgetbb ...Could not open file #1, ignoring it}
                                                  \else {\chardef \other = 1...

\next #1->\epsfgetbb {#1}
                         \epsfsetgraph {#1}
\epsfbox #1->\hbox {\possiblyflakyepsfbox {#1}
                                              }
\centerline #1->\line {\hss #1
                              \hss }
l.461 \centerline{\epsfbox{hyperbolic.4}}
                                         
? 
)
[15]
Overfull \vbox (21.6737pt too high) has occurred while \output is active
\vbox(628.74878+0.0)x469.75499
.\glue(\topskip) 0.0 plus 60.0
.\hbox(650.42249+0.0)x469.75499, glue set 0.00272fil
..\glue 0.0 plus 1.0fil minus 1.0fil
..\hbox(650.42249+0.0)x469.74957
...\hbox(650.42249+0.0)x469.74957 []
..\glue 0.0 plus 1.0fil minus 1.0fil
.\mark{{{\tensy x}20}{1}{Index}}
.\kern 0.0
.\glue 0.0 plus 1.0fil


[16
Non-PDF special ignored!] *20 Index: (./hyperbolic.idx) [17] Section names:
(./hyperbolic.toc) (./hyperbolic.scn) [18] Table of contents: (./hyperbolic.toc
) [0] )</usr/share/texlive/texmf-dist/fonts/type1/public/amsfonts/cm/cmbx10.pfb
></usr/share/texlive/texmf-dist/fonts/type1/public/amsfonts/cm/cmex10.pfb></usr
/share/texlive/texmf-dist/fonts/type1/public/amsfonts/cm/cmmi10.pfb></usr/share
/texlive/texmf-dist/fonts/type1/public/amsfonts/cm/cmmi7.pfb></usr/share/texliv
e/texmf-dist/fonts/type1/public/amsfonts/cm/cmr10.pfb></usr/share/texlive/texmf
-dist/fonts/type1/public/amsfonts/cm/cmr7.pfb></usr/share/texlive/texmf-dist/fo
nts/type1/public/amsfonts/cm/cmr8.pfb></usr/share/texlive/texmf-dist/fonts/type
1/public/amsfonts/cm/cmsl10.pfb></usr/share/texlive/texmf-dist/fonts/type1/publ
ic/amsfonts/cm/cmsy10.pfb></usr/share/texlive/texmf-dist/fonts/type1/public/ams
fonts/cm/cmsy7.pfb></usr/share/texlive/texmf-dist/fonts/type1/public/amsfonts/c
m/cmtex10.pfb></usr/share/texlive/texmf-dist/fonts/type1/public/amsfonts/cm/cmt
i10.pfb></usr/share/texlive/texmf-dist/fonts/type1/public/amsfonts/cm/cmtt10.pf
b>
Output written on hyperbolic.pdf (19 pages, 198729 bytes).
PDF statistics:
 456 PDF objects out of 1000 (max. 8388607)
 417 compressed objects within 5 object streams
 1 named destinations out of 1000 (max. 500000)
 145 words of extra memory for PDF output out of 10000 (max. 10000000)

