This is pdfTeX, Version 3.14159265-2.6-1.40.18 (TeX Live 2017/Debian) (preloaded format=pdftex 2020.8.19)  24 NOV 2020 13:24
entering extended mode
 restricted \write18 enabled.
 %&-line parsing enabled.
**polyenum.tex
(./polyenum.tex (./cwebmac.tex
(/usr/share/texlive/texmf-dist/tex/generic/pdftex/pdfcolor.tex)
\PPbox=\box16
\MMbox=\box17
\MGbox=\box18
\MODbox=\box19
\bak=\box20
\bakk=\box21
\ind=\count27
\gdepth=\count28
\secpagedepth=\count29
\gtitle=\toks13
\intersecskip=\skip18
\toksA=\toks14
\toksB=\toks15
\toksC=\toks16
\toksD=\toks17
\toksE=\toks18
\toksF=\toks19
\usersanitizer=\toks20
\countA=\count30
\countB=\count31
\countC=\count32
\pagewidth=\dimen16
\pageheight=\dimen17
\fullpageheight=\dimen18
\pageshift=\dimen19
\cont=\write0
\sbox=\box22
\lbox=\box23
\twodigits=\count33
)
(/usr/share/texlive/texmf-dist/tex/generic/epsf/epsf.tex
This is `epsf.tex' v2.7.4 <14 February 2011>
\epsffilein=\read1
\epsfframemargin=\dimen20
\epsfframethickness=\dimen21
\epsfrsize=\dimen22
\epsftmp=\dimen23
\epsftsize=\dimen24
\epsfxsize=\dimen25
\epsfysize=\dimen26
\pspoints=\dimen27
) *1
(polyomino.1
! Could not open file polyomino.1, ignoring it.
\epsfgetbb ...Could not open file #1, ignoring it}
                                                  \else {\chardef \other = 1...

\next #1->\epsfgetbb {#1}
                         \epsfsetgraph {#1}
\epsfbox #1->\hbox {\possiblyflakyepsfbox {#1}
                                              }
l.13 $$\epsfbox{polyomino.1}
                            $$
? 
)
[1{/var/lib/texmf/fonts/map/pdftex/updmap/pdftex.map}
\openout0 = `polyenum.toc'.

]
Overfull \vbox (37.61815pt too high) has occurred while \output is active
\vbox(628.74878+0.0)x469.75499, glue set - 1.0
.\glue(\topskip) 3.05556 plus 60.0
.\hbox(6.94444+1.94444)x469.75499, glue set 183.03223fil
..\tenrm u
..\tenrm p
..\tenrm p
..\kern0.27779
..\tenrm e
..etc.
.\penalty 10000
.\glue(\abovedisplayskip) 12.0 plus 3.0 minus 9.0
.\glue(\lineskip) 1.0
.etc.


[2
Non-PDF special ignored!] [3] [4] *5 [5] *8 [6] *10 [7] [8] [9] *21 [10]
[11] [12] [13] *32 [14] [15] [16] *44 [17] [18] [19] *51 [20] [21] [22]
[23] *65 Index: (./polyenum.idx [24]) [25] Section names: (./polyenum.toc)
(./polyenum.scn) [26] Table of contents: (./polyenum.toc) [0] )</usr/share/texl
ive/texmf-dist/fonts/type1/public/amsfonts/cm/cmbx10.pfb></usr/share/texlive/te
xmf-dist/fonts/type1/public/amsfonts/cm/cmex10.pfb></usr/share/texlive/texmf-di
st/fonts/type1/public/amsfonts/cm/cmmi10.pfb></usr/share/texlive/texmf-dist/fon
ts/type1/public/amsfonts/cm/cmmi5.pfb></usr/share/texlive/texmf-dist/fonts/type
1/public/amsfonts/cm/cmmi7.pfb></usr/share/texlive/texmf-dist/fonts/type1/publi
c/amsfonts/cm/cmr10.pfb></usr/share/texlive/texmf-dist/fonts/type1/public/amsfo
nts/cm/cmr5.pfb></usr/share/texlive/texmf-dist/fonts/type1/public/amsfonts/cm/c
mr7.pfb></usr/share/texlive/texmf-dist/fonts/type1/public/amsfonts/cm/cmr8.pfb>
</usr/share/texlive/texmf-dist/fonts/type1/public/amsfonts/cm/cmr9.pfb></usr/sh
are/texlive/texmf-dist/fonts/type1/public/amsfonts/cm/cmsy10.pfb></usr/share/te
xlive/texmf-dist/fonts/type1/public/amsfonts/cm/cmsy7.pfb></usr/share/texlive/t
exmf-dist/fonts/type1/public/amsfonts/cm/cmtex10.pfb></usr/share/texlive/texmf-
dist/fonts/type1/public/amsfonts/cm/cmti10.pfb></usr/share/texlive/texmf-dist/f
onts/type1/public/amsfonts/cm/cmtt10.pfb>
Output written on polyenum.pdf (27 pages, 282727 bytes).
PDF statistics:
 1009 PDF objects out of 1200 (max. 8388607)
 955 compressed objects within 10 object streams
 1 named destinations out of 1000 (max. 500000)
 353 words of extra memory for PDF output out of 10000 (max. 10000000)

