This is pdfTeX, Version 3.14159265-2.6-1.40.18 (TeX Live 2017/Debian) (preloaded format=pdftex 2020.8.19)  24 NOV 2020 13:24
entering extended mode
 restricted \write18 enabled.
 %&-line parsing enabled.
**redrect-dlx.tex
(./redrect-dlx.tex (./cwebmac.tex
(/usr/share/texlive/texmf-dist/tex/generic/pdftex/pdfcolor.tex)
\PPbox=\box16
\MMbox=\box17
\MGbox=\box18
\MODbox=\box19
\bak=\box20
\bakk=\box21
\ind=\count27
\gdepth=\count28
\secpagedepth=\count29
\gtitle=\toks13
\intersecskip=\skip18
\toksA=\toks14
\toksB=\toks15
\toksC=\toks16
\toksD=\toks17
\toksE=\toks18
\toksF=\toks19
\usersanitizer=\toks20
\countA=\count30
\countB=\count31
\countC=\count32
\pagewidth=\dimen16
\pageheight=\dimen17
\fullpageheight=\dimen18
\pageshift=\dimen19
\cont=\write0
\sbox=\box22
\lbox=\box23
\twodigits=\count33
) *1
! Extra }, or forgotten $.
<recently read> }
                 
l.70 ...ude primary columns \.{x$ab$} and \.{y$cd}
                                                  $;
? 
! Missing } inserted.
<inserted text> 
                }
<to be read again> 
                   \vskip 
\yskip ->\vskip 
                \smallskipamount 
l.75 \Y
       \B\4\X3:Output the first line\X${}\E{}$\6
? 

Overfull \hbox (648.39607pt too wide) in paragraph at lines 70--75
[]\tenrm I also in-clude pri-mary columns [] and [] |

\hbox(6.94444+2.22223)x469.75499, glue set - 1.0
.\hbox(0.0+0.0)x10.00002
.\tenrm I
.\glue 3.33333 plus 1.66498 minus 1.11221
.\tenrm a
.\tenrm l
.etc.

[1{/var/lib/texmf/fonts/map/pdftex/updmap/pdftex.map}
\openout0 = `redrect-dlx.toc'.

] [2] *5 Index:
(./redrect-dlx.idx) [3] Section names: (./redrect-dlx.toc) (./redrect-dlx.scn)
[4] Table of contents: (./redrect-dlx.toc) [0] )</usr/share/texlive/texmf-dist/
fonts/type1/public/amsfonts/cm/cmbx10.pfb></usr/share/texlive/texmf-dist/fonts/
type1/public/amsfonts/cm/cmex10.pfb></usr/share/texlive/texmf-dist/fonts/type1/
public/amsfonts/cm/cmmi10.pfb></usr/share/texlive/texmf-dist/fonts/type1/public
/amsfonts/cm/cmmi7.pfb></usr/share/texlive/texmf-dist/fonts/type1/public/amsfon
ts/cm/cmr10.pfb></usr/share/texlive/texmf-dist/fonts/type1/public/amsfonts/cm/c
mr7.pfb></usr/share/texlive/texmf-dist/fonts/type1/public/amsfonts/cm/cmr8.pfb>
</usr/share/texlive/texmf-dist/fonts/type1/public/amsfonts/cm/cmr9.pfb></usr/sh
are/texlive/texmf-dist/fonts/type1/public/amsfonts/cm/cmsy10.pfb></usr/share/te
xlive/texmf-dist/fonts/type1/public/amsfonts/cm/cmtex10.pfb></usr/share/texlive
/texmf-dist/fonts/type1/public/amsfonts/cm/cmti10.pfb></usr/share/texlive/texmf
-dist/fonts/type1/public/amsfonts/cm/cmtt10.pfb>
Output written on redrect-dlx.pdf (5 pages, 142110 bytes).
PDF statistics:
 138 PDF objects out of 1000 (max. 8388607)
 117 compressed objects within 2 object streams
 1 named destinations out of 1000 (max. 500000)
 49 words of extra memory for PDF output out of 10000 (max. 10000000)

