This is pdfTeX, Version 3.14159265-2.6-1.40.18 (TeX Live 2017/Debian) (preloaded format=pdftex 2020.8.19)  24 NOV 2020 13:24
entering extended mode
 restricted \write18 enabled.
 %&-line parsing enabled.
**skew-ternary-calc.tex
(./skew-ternary-calc.tex (./cwebmac.tex
(/usr/share/texlive/texmf-dist/tex/generic/pdftex/pdfcolor.tex)
\PPbox=\box16
\MMbox=\box17
\MGbox=\box18
\MODbox=\box19
\bak=\box20
\bakk=\box21
\ind=\count27
\gdepth=\count28
\secpagedepth=\count29
\gtitle=\toks13
\intersecskip=\skip18
\toksA=\toks14
\toksB=\toks15
\toksC=\toks16
\toksD=\toks17
\toksE=\toks18
\toksF=\toks19
\usersanitizer=\toks20
\countA=\count30
\countB=\count31
\countC=\count32
\pagewidth=\dimen16
\pageheight=\dimen17
\fullpageheight=\dimen18
\pageshift=\dimen19
\cont=\write0
\sbox=\box22
\lbox=\box23
\twodigits=\count33
)
(/usr/share/texlive/texmf-dist/tex/generic/epsf/epsf.tex
This is `epsf.tex' v2.7.4 <14 February 2011>
\epsffilein=\read1
\epsfframemargin=\dimen20
\epsfframethickness=\dimen21
\epsfrsize=\dimen22
\epsftmp=\dimen23
\epsftsize=\dimen24
\epsfxsize=\dimen25
\epsfysize=\dimen26
\pspoints=\dimen27
) *1
(skew-ternary-calc.1
! Could not open file skew-ternary-calc.1, ignoring it.
\epsfgetbb ...Could not open file #1, ignoring it}
                                                  \else {\chardef \other = 1...

\next #1->\epsfgetbb {#1}
                         \epsfsetgraph {#1}
\epsfbox #1->\hbox {\possiblyflakyepsfbox {#1}
                                              }
l.80 $$\vcenter{\epsfbox{skew-ternary-calc.1}
                                             }\qquad\qquad
? 
)
(skew-ternary-calc.3
! Could not open file skew-ternary-calc.3, ignoring it.
\epsfgetbb ...Could not open file #1, ignoring it}
                                                  \else {\chardef \other = 1...

\next #1->\epsfgetbb {#1}
                         \epsfsetgraph {#1}
\epsfbox #1->\hbox {\possiblyflakyepsfbox {#1}
                                              }
l.81 \vcenter{\epsfbox{skew-ternary-calc.3}
                                           }$$
? 
)

Overfull \hbox (509.74422pt too wide) detected at line 81
[]  []|

\hbox(327.71124+322.71124)x469.75499
.\vbox(327.71124+322.71124)x469.74957
..\hbox(650.42249+0.0)x469.74957
...\hbox(650.42249+0.0)x469.74957 []
.\glue 20.00003
.\glue 20.00003
.\vbox(327.71124+322.71124)x469.74957
..\hbox(650.42249+0.0)x469.74957
...\hbox(650.42249+0.0)x469.74957 []
.\rule(*+*)x5.0

[1{/var/lib/texmf/fonts/map/pdftex/updmap/pdftex.map}
\openout0 = `skew-ternary-calc.toc'.

]
Overfull \vbox (33.61815pt too high) has occurred while \output is active
\vbox(628.74878+0.0)x469.75499, glue set - 1.0
.\glue(\topskip) 3.05556 plus 60.0
.\hbox(6.94444+1.94444)x469.75499, glue set 187.33778fil
..\tenrm N
..\tenrm o
..\discretionary
...\tenrm -
..\tenrm t
..\tenrm i
..etc.
.\penalty 10000
.\glue(\abovedisplayskip) 12.0 plus 3.0 minus 9.0
.\glue(\lineskip) 1.0
.etc.


[2
Non-PDF special ignored!
Non-PDF special ignored!]
(skew-ternary-calc.2
! Could not open file skew-ternary-calc.2, ignoring it.
\epsfgetbb ...Could not open file #1, ignoring it}
                                                  \else {\chardef \other = 1...

\next #1->\epsfgetbb {#1}
                         \epsfsetgraph {#1}
\epsfbox #1->\hbox {\possiblyflakyepsfbox {#1}
                                              }
l.97 $$\vcenter{\epsfbox{skew-ternary-calc.2}
                                             }$$
? 
)
[3]
Overfull \vbox (33.61815pt too high) has occurred while \output is active
\vbox(628.74878+0.0)x469.75499, glue set - 1.0
.\glue(\topskip) 3.05556 plus 60.0
.\hbox(6.94444+1.94444)x469.75499, glue set - 0.10338
..\tenrm m
..\tenrm a
..\tenrm t
..\tenrm c
..\kern-0.27779
..etc.
.\penalty 10000
.\glue(\abovedisplayskip) 12.0 plus 3.0 minus 9.0
.\glue(\lineskip) 1.0
.etc.


[4
Non-PDF special ignored!]
(skew-ternary-calc.4
! Could not open file skew-ternary-calc.4, ignoring it.
\epsfgetbb ...Could not open file #1, ignoring it}
                                                  \else {\chardef \other = 1...

\next #1->\epsfgetbb {#1}
                         \epsfsetgraph {#1}
\epsfbox #1->\hbox {\possiblyflakyepsfbox {#1}
                                              }
l.103 $$\vcenter{\epsfbox{skew-ternary-calc.4}
                                              }$$
? 
)
[5]
Overfull \vbox (33.61815pt too high) has occurred while \output is active
\vbox(628.74878+0.0)x469.75499, glue set - 1.0
.\glue(\topskip) 3.05556 plus 60.0
.\hbox(6.94444+1.94444)x469.75499, glue set 302.78249fil
..\tenrm w
..\tenrm h
..\tenrm e
..\tenrm n
..\glue 3.33333 plus 1.66666 minus 1.11111
..etc.
.\penalty 10000
.\glue(\abovedisplayskip) 12.0 plus 3.0 minus 9.0
.\glue(\lineskip) 1.0
.etc.


[6
Non-PDF special ignored!]
(skew-ternary-calc.5
! Could not open file skew-ternary-calc.5, ignoring it.
\epsfgetbb ...Could not open file #1, ignoring it}
                                                  \else {\chardef \other = 1...

\next #1->\epsfgetbb {#1}
                         \epsfsetgraph {#1}
\epsfbox #1->\hbox {\possiblyflakyepsfbox {#1}
                                              }
l.128 ...ze=.5\hsize \epsfbox{skew-ternary-calc.5}
                                                  \cr\noalign{\smallskip}
? 
)
(skew-ternary-calc.6
! Could not open file skew-ternary-calc.6, ignoring it.
\epsfgetbb ...Could not open file #1, ignoring it}
                                                  \else {\chardef \other = 1...

\next #1->\epsfgetbb {#1}
                         \epsfsetgraph {#1}
\epsfbox #1->\hbox {\possiblyflakyepsfbox {#1}
                                              }
l.129 ...ze=.5\hsize \epsfbox{skew-ternary-calc.6}
                                                  \cr\noalign{\smallskip}
? 
)
(skew-ternary-calc.7
! Could not open file skew-ternary-calc.7, ignoring it.
\epsfgetbb ...Could not open file #1, ignoring it}
                                                  \else {\chardef \other = 1...

\next #1->\epsfgetbb {#1}
                         \epsfsetgraph {#1}
\epsfbox #1->\hbox {\possiblyflakyepsfbox {#1}
                                              }
l.130 ...ze=.5\hsize \epsfbox{skew-ternary-calc.7}
                                                  \cr\noalign{\smallskip}
? 
)
(skew-ternary-calc.8
! Could not open file skew-ternary-calc.8, ignoring it.
\epsfgetbb ...Could not open file #1, ignoring it}
                                                  \else {\chardef \other = 1...

\next #1->\epsfgetbb {#1}
                         \epsfsetgraph {#1}
\epsfbox #1->\hbox {\possiblyflakyepsfbox {#1}
                                              }
l.131 ...ze=.5\hsize \epsfbox{skew-ternary-calc.8}
                                                  \cr}}$$
? 
)
[7] [8]
Overfull \vbox (696.05522pt too high) has occurred while \output is active
\vbox(628.74878+0.0)x469.75499, glue set - 1.0
.\glue(\topskip) 3.05556 plus 60.0
.\hbox(6.94444+1.94444)x469.75499, glue set 46.3098fil
..\tenrm t
..\tenrm h
..\tenrm e
..\glue 3.33333 plus 1.66666 minus 1.11111
..\tenrm s
..etc.
.\penalty 10000
.\glue(\abovedisplayskip) 12.0 plus 3.0 minus 9.0
.\glue(\lineskip) 1.0
.etc.


[9
Non-PDF special ignored!
Non-PDF special ignored!
Non-PDF special ignored!
Non-PDF special ignored!]
(skew-ternary-calc.10
! Could not open file skew-ternary-calc.10, ignoring it.
\epsfgetbb ...Could not open file #1, ignoring it}
                                                  \else {\chardef \other = 1...

\next #1->\epsfgetbb {#1}
                         \epsfsetgraph {#1}
\epsfbox #1->\hbox {\possiblyflakyepsfbox {#1}
                                              }
l.134 $$T=\vcenter{\epsfbox{skew-ternary-calc.10}
                                                 }\;;\qquad
? 
)
(skew-ternary-calc.11
! Could not open file skew-ternary-calc.11, ignoring it.
\epsfgetbb ...Could not open file #1, ignoring it}
                                                  \else {\chardef \other = 1...

\next #1->\epsfgetbb {#1}
                         \epsfsetgraph {#1}
\epsfbox #1->\hbox {\possiblyflakyepsfbox {#1}
                                              }
l.135 T^+=\vcenter{\epsfbox{skew-ternary-calc.11}
                                                 }\;;\qquad
? 
)
(skew-ternary-calc.12
! Could not open file skew-ternary-calc.12, ignoring it.
\epsfgetbb ...Could not open file #1, ignoring it}
                                                  \else {\chardef \other = 1...

\next #1->\epsfgetbb {#1}
                         \epsfsetgraph {#1}
\epsfbox #1->\hbox {\possiblyflakyepsfbox {#1}
                                              }
l.136 ...}=\vcenter{\epsfbox{skew-ternary-calc.12}
                                                  }\;;\qquad
? 
)
(skew-ternary-calc.13
! Could not open file skew-ternary-calc.13, ignoring it.
\epsfgetbb ...Could not open file #1, ignoring it}
                                                  \else {\chardef \other = 1...

\next #1->\epsfgetbb {#1}
                         \epsfsetgraph {#1}
\epsfbox #1->\hbox {\possiblyflakyepsfbox {#1}
                                              }
l.137 ...}=\vcenter{\epsfbox{skew-ternary-calc.13}
                                                  }\;.$$
? 
)

Overfull \hbox (1617.06224pt too wide) detected at line 137
\teni T \tenrm = [] ;  \teni T[] \tenrm = [] ;  \teni T[] \tenrm = [] ;  \teni 
T[] \tenrm = [] \teni :|

\hbox(327.71124+322.71124)x469.75499
.\teni T
.\kern1.3889
.\glue(\thickmuskip) 2.77771 plus 2.77771
.\tenrm =
.\glue(\thickmuskip) 2.77771 plus 2.77771
.etc.


Overfull \vbox (33.61815pt too high) has occurred while \output is active
\vbox(628.74878+0.0)x469.75499, glue set - 1.0
.\glue(\topskip) 3.05556 plus 60.0
.\hbox(6.94444+1.94444)x469.75499, glue set 68.39331fil
..\tenrm T
..\tenrm h
..\tenrm e
..\glue 3.33333 plus 1.66666 minus 1.11111
..\tenrm c
..etc.
.\penalty 10000
.\glue(\abovedisplayskip) 12.0 plus 3.0 minus 9.0
.\glue(\lineskip) 1.0
.etc.


[10
Non-PDF special ignored!
Non-PDF special ignored!
Non-PDF special ignored!
Non-PDF special ignored!] [11] *7 [12] [13] [14] [15] [16] *14 [17] [18]
[19] *25
(skew-ternary-calc.21
! Could not open file skew-ternary-calc.21, ignoring it.
\epsfgetbb ...Could not open file #1, ignoring it}
                                                  \else {\chardef \other = 1...

\next #1->\epsfgetbb {#1}
                         \epsfsetgraph {#1}
\epsfbox #1->\hbox {\possiblyflakyepsfbox {#1}
                                              }
l.654 $$\vcenter{\epsfbox{skew-ternary-calc.21}
                                               }\eqno({*})$$
? 
)
[20]
Overfull \vbox (46.11815pt too high) has occurred while \output is active
\vbox(628.74878+0.0)x469.75499, glue set - 1.0
.\glue(\topskip) 3.05556 plus 60.0
.\hbox(6.94444+1.94444)x469.75499, glue set 79.33777fil
..\tenrm c
..\tenrm o
..\tenrm n
..\discretionary
...\tenrm -
..\tenrm n
..etc.
.\penalty 10000
.\glue(\abovedisplayskip) 12.0 plus 3.0 minus 9.0
.\glue(\lineskip) 1.0
.etc.


[21
Non-PDF special ignored!]
(skew-ternary-calc.20
! Could not open file skew-ternary-calc.20, ignoring it.
\epsfgetbb ...Could not open file #1, ignoring it}
                                                  \else {\chardef \other = 1...

\next #1->\epsfgetbb {#1}
                         \epsfsetgraph {#1}
\epsfbox #1->\hbox {\possiblyflakyepsfbox {#1}
                                              }
l.658 $$\vcenter{\epsfbox{skew-ternary-calc.20}
                                               }\eqno({**})$$
? 
)
[22]
Overfull \vbox (46.6737pt too high) has occurred while \output is active
\vbox(628.74878+0.0)x469.75499, glue set - 1.0
.\glue(\topskip) 2.5 plus 60.0
.\hbox(7.5+2.5)x469.75499, glue set - 0.09204
..\tenrm e
..\tenrm l
..\tenrm a
..\discretionary replacing 2
...\tenrm b
...\tenrm -
..\tenrm b
..etc.
.\penalty 10000
.\glue(\abovedisplayskip) 12.0 plus 3.0 minus 9.0
.\glue(\lineskip) 1.0
.etc.


[23
Non-PDF special ignored!]
(skew-ternary-calc.22
! Could not open file skew-ternary-calc.22, ignoring it.
\epsfgetbb ...Could not open file #1, ignoring it}
                                                  \else {\chardef \other = 1...

\next #1->\epsfgetbb {#1}
                         \epsfsetgraph {#1}
\epsfbox #1->\hbox {\possiblyflakyepsfbox {#1}
                                              }
l.676 $$\vcenter{\epsfbox{skew-ternary-calc.22}
                                               }\,.\eqno({*{*}*})$$
? 
)

Overfull \hbox (4.439pt too wide) detected at line 676
[] \teni :|

\hbox(327.71124+322.71124)x469.75499
.\vbox(327.71124+322.71124)x469.74957
..\hbox(650.42249+0.0)x469.74957
...\hbox(650.42249+0.0)x469.74957 []
.\glue 1.66663
.\teni :
.\rule(*+*)x5.0

[24]
Overfull \vbox (46.11815pt too high) has occurred while \output is active
\vbox(628.74878+0.0)x469.75499, glue set - 1.0
.\glue(\topskip) 3.05556 plus 60.0
.\hbox(6.94444+1.94444)x469.75499, glue set 386.31038fil
..\tenrm i
..\tenrm s
..\glue 3.33333 plus 1.66666 minus 1.11111
..\tenrm t
..\tenrm h
..etc.
.\penalty 10000
.\glue(\abovedisplayskip) 12.0 plus 3.0 minus 9.0
.\glue(\lineskip) 1.0
.etc.


[25
Non-PDF special ignored!]
(skew-ternary-calc.23
! Could not open file skew-ternary-calc.23, ignoring it.
\epsfgetbb ...Could not open file #1, ignoring it}
                                                  \else {\chardef \other = 1...

\next #1->\epsfgetbb {#1}
                         \epsfsetgraph {#1}
\epsfbox #1->\hbox {\possiblyflakyepsfbox {#1}
                                              }
l.700 \vcenter{\epsfbox{skew-ternary-calc.23}
                                             }\qquad
? 
)
(skew-ternary-calc.24
! Could not open file skew-ternary-calc.24, ignoring it.
\epsfgetbb ...Could not open file #1, ignoring it}
                                                  \else {\chardef \other = 1...

\next #1->\epsfgetbb {#1}
                         \epsfsetgraph {#1}
\epsfbox #1->\hbox {\possiblyflakyepsfbox {#1}
                                              }
l.701 \vcenter{\epsfbox{skew-ternary-calc.24}
                                             }\qquad
? 
)
(skew-ternary-calc.25
! Could not open file skew-ternary-calc.25, ignoring it.
\epsfgetbb ...Could not open file #1, ignoring it}
                                                  \else {\chardef \other = 1...

\next #1->\epsfgetbb {#1}
                         \epsfsetgraph {#1}
\epsfbox #1->\hbox {\possiblyflakyepsfbox {#1}
                                              }
l.702 \vcenter{\epsfbox{skew-ternary-calc.25}
                                             }$$
? 
)

Overfull \hbox (697.64833pt too wide) detected at line 702
[] [] []|

\hbox(262.66994+257.66992)x469.75499
.\vbox(262.66994+257.66992)x375.80109
..\hbox(520.33986+0.0)x375.80109
...\hbox(520.33986+0.0)x375.80109 []
.\glue 20.00003
.\vbox(262.66994+257.66992)x375.80109
..\hbox(520.33986+0.0)x375.80109
...\hbox(520.33986+0.0)x375.80109 []
.\glue 20.00003
.\vbox(262.66994+257.66992)x375.80109
..\hbox(520.33986+0.0)x375.80109
...\hbox(520.33986+0.0)x375.80109 []
.etc.

[26] [27
Non-PDF special ignored!
Non-PDF special ignored!
Non-PDF special ignored!] [28] [29] [30] [31] [32] [33] *36
(skew-ternary-calc.40
! Could not open file skew-ternary-calc.40, ignoring it.
\epsfgetbb ...Could not open file #1, ignoring it}
                                                  \else {\chardef \other = 1...

\next #1->\epsfgetbb {#1}
                         \epsfsetgraph {#1}
\epsfbox #1->\hbox {\possiblyflakyepsfbox {#1}
                                              }
l.1145 $$\vcenter{\epsfbox{skew-ternary-calc.40}
                                                }\eqno(\dag)$$
? 
)
[34] [35]
Overfull \vbox (46.11815pt too high) has occurred while \output is active
\vbox(628.74878+0.0)x469.75499, glue set - 1.0
.\glue(\topskip) 3.05556 plus 60.0
.\hbox(6.94444+1.94444)x469.75499, glue set 124.64328fil
..\tenrm t
..\tenrm o
..\glue 3.33333 plus 1.66666 minus 1.11111
..\tenrm r
..\tenrm e
..etc.
.\penalty 10000
.\glue(\abovedisplayskip) 12.0 plus 3.0 minus 9.0
.\glue(\lineskip) 1.0
.etc.


[36
Non-PDF special ignored!]
(skew-ternary-calc.30
! Could not open file skew-ternary-calc.30, ignoring it.
\epsfgetbb ...Could not open file #1, ignoring it}
                                                  \else {\chardef \other = 1...

\next #1->\epsfgetbb {#1}
                         \epsfsetgraph {#1}
\epsfbox #1->\hbox {\possiblyflakyepsfbox {#1}
                                              }
\\...er {\medskip \epsfbox {skew-ternary-calc.3#1}
                                                  \medskip }$
l.1183 0
        &(r_0)(r_2)(r_3r_1)\cr
? 
)
(skew-ternary-calc.31
! Could not open file skew-ternary-calc.31, ignoring it.
\epsfgetbb ...Could not open file #1, ignoring it}
                                                  \else {\chardef \other = 1...

\next #1->\epsfgetbb {#1}
                         \epsfsetgraph {#1}
\epsfbox #1->\hbox {\possiblyflakyepsfbox {#1}
                                              }
\\...er {\medskip \epsfbox {skew-ternary-calc.3#1}
                                                  \medskip }$
l.1184 1
        &(r_0a_2)(a_0r_2)(r_3a_3)(a_1r_1)\cr
? 
)
(skew-ternary-calc.32
! Could not open file skew-ternary-calc.32, ignoring it.
\epsfgetbb ...Could not open file #1, ignoring it}
                                                  \else {\chardef \other = 1...

\next #1->\epsfgetbb {#1}
                         \epsfsetgraph {#1}
\epsfbox #1->\hbox {\possiblyflakyepsfbox {#1}
                                              }
\\...er {\medskip \epsfbox {skew-ternary-calc.3#1}
                                                  \medskip }$
l.1185 2
        &(r_0a_2b_0)(a_0r_2b_2)(r_3a_3)(a_1b_1)(b_3r_1)\cr
? 
)
(skew-ternary-calc.33
! Could not open file skew-ternary-calc.33, ignoring it.
\epsfgetbb ...Could not open file #1, ignoring it}
                                                  \else {\chardef \other = 1...

\next #1->\epsfgetbb {#1}
                         \epsfsetgraph {#1}
\epsfbox #1->\hbox {\possiblyflakyepsfbox {#1}
                                              }
\\...er {\medskip \epsfbox {skew-ternary-calc.3#1}
                                                  \medskip }$
l.1186 3
        &(r_0a_2)(a_0b_2)(b_0r_2)(r_3b_3a_3)(a_1b_1r_1)\cr
? 
)
(skew-ternary-calc.34
! Could not open file skew-ternary-calc.34, ignoring it.
\epsfgetbb ...Could not open file #1, ignoring it}
                                                  \else {\chardef \other = 1...

\next #1->\epsfgetbb {#1}
                         \epsfsetgraph {#1}
\epsfbox #1->\hbox {\possiblyflakyepsfbox {#1}
                                              }
\\...er {\medskip \epsfbox {skew-ternary-calc.3#1}
                                                  \medskip }$
l.1187 4
        &(r_0a_2c_2b_0)(a_0r_2b_2c_0)(r_3a_3)(a_1c_3)(c_1b_1)(b_3r_1)\cr
? 
)
(skew-ternary-calc.35
! Could not open file skew-ternary-calc.35, ignoring it.
\epsfgetbb ...Could not open file #1, ignoring it}
                                                  \else {\chardef \other = 1...

\next #1->\epsfgetbb {#1}
                         \epsfsetgraph {#1}
\epsfbox #1->\hbox {\possiblyflakyepsfbox {#1}
                                              }
\\...er {\medskip \epsfbox {skew-ternary-calc.3#1}
                                                  \medskip }$
l.1188 5
        &(r_0a_2c_0)(a_0b_2)(b_0r_2c_2)(r_3b_3a_3)(a_1b_1c_1)(c_3r_1)\cr
? 
)
(skew-ternary-calc.36
! Could not open file skew-ternary-calc.36, ignoring it.
\epsfgetbb ...Could not open file #1, ignoring it}
                                                  \else {\chardef \other = 1...

\next #1->\epsfgetbb {#1}
                         \epsfsetgraph {#1}
\epsfbox #1->\hbox {\possiblyflakyepsfbox {#1}
                                              }
\\...er {\medskip \epsfbox {skew-ternary-calc.3#1}
                                                  \medskip }$
l.1189 6
        &(r_0a_2c_0)(a_0r_2b_2)(b_0c_2)(r_3a_3)(a_1b_1c_1)(c_3b_3r_1)\cr
? 
)
(skew-ternary-calc.37
! Could not open file skew-ternary-calc.37, ignoring it.
\epsfgetbb ...Could not open file #1, ignoring it}
                                                  \else {\chardef \other = 1...

\next #1->\epsfgetbb {#1}
                         \epsfsetgraph {#1}
\epsfbox #1->\hbox {\possiblyflakyepsfbox {#1}
                                              }
\\...er {\medskip \epsfbox {skew-ternary-calc.3#1}
                                                  \medskip }$
l.1190 7
        &(r_0a_2c_0)(a_0b_2c_2)(b_0r_2)(r_3b_3a_3)(a_1c_1)(c_3b_1r_1)\cr
? 
)
(skew-ternary-calc.38
! Could not open file skew-ternary-calc.38, ignoring it.
\epsfgetbb ...Could not open file #1, ignoring it}
                                                  \else {\chardef \other = 1...

\next #1->\epsfgetbb {#1}
                         \epsfsetgraph {#1}
\epsfbox #1->\hbox {\possiblyflakyepsfbox {#1}
                                              }
\\...er {\medskip \epsfbox {skew-ternary-calc.3#1}
                                                  \medskip }$
l.1191 8
        &(r_0a_2)(a_0b_2c_0)(b_0r_2c_2)(r_3b_3a_3)(b_1c_1)(a_1c_3r_1)\cr
? 
)
(skew-ternary-calc.39
! Could not open file skew-ternary-calc.39, ignoring it.
\epsfgetbb ...Could not open file #1, ignoring it}
                                                  \else {\chardef \other = 1...

\next #1->\epsfgetbb {#1}
                         \epsfsetgraph {#1}
\epsfbox #1->\hbox {\possiblyflakyepsfbox {#1}
                                              }
\\...er {\medskip \epsfbox {skew-ternary-calc.3#1}
                                                  \medskip }$
l.1192 9
        &(r_0a_2)(a_0b_2)(b_0c_2)(c_0r_2)(r_3c_3b_3a_3)(r_1a_1b_1c_1)\cr
? 
)

Overfull \hbox (212.10625pt too wide) detected at line 1193
[]|

\hbox(3319.11243+3314.11243)x469.75499
.\vbox(3319.11243+3314.11243)x681.86124
..\hbox(333.71124+328.71124)x681.86124
...\glue(\tabskip) 0.0
...\hbox(333.71124+328.71124)x469.74957 []
...\glue(\tabskip) 0.0
...\hbox(333.71124+328.71124)x212.11166, glue set 132.78738fil []
...\glue(\tabskip) 0.0
..\glue(\lineskip) 1.0
..\hbox(333.71124+328.71124)x681.86124
...\glue(\tabskip) 0.0
...\hbox(333.71124+328.71124)x469.74957 []
...\glue(\tabskip) 0.0
...\hbox(333.71124+328.71124)x212.11166, glue set 85.92151fil []
...\glue(\tabskip) 0.0
..\glue(\lineskip) 1.0
..\hbox(333.71124+328.71124)x681.86124
...\glue(\tabskip) 0.0
...\hbox(333.71124+328.71124)x469.74957 []
...\glue(\tabskip) 0.0
...\hbox(333.71124+328.71124)x212.11166, glue set 43.03256fil []
...\glue(\tabskip) 0.0
..etc.
.\rule(*+*)x5.0

[37]
Overfull \vbox (6016.42052pt too high) has occurred while \output is active
\vbox(628.74878+0.0)x469.75499, glue set - 1.0
.\glue(\topskip) 3.05556 plus 60.0
.\hbox(6.94444+1.94444)x469.75499, glue set 60.85347fil
..\tenbf 3
..\tenbf 8
..\tenbf .
..\glue 11.49994
..\hbox(0.0+0.0)x0.0
...\hbox(0.0+0.0)x0.0, shifted -12.0 []
..etc.
.\penalty 10000
.\glue(\abovedisplayskip) 12.0 plus 3.0 minus 9.0
.\glue(\lineskip) 1.0
.etc.


[38
Non-PDF special ignored!
Non-PDF special ignored!
Non-PDF special ignored!
Non-PDF special ignored!
Non-PDF special ignored!
Non-PDF special ignored!
Non-PDF special ignored!
Non-PDF special ignored!
Non-PDF special ignored!
Non-PDF special ignored!] *39
(skew-ternary-calc.41
! Could not open file skew-ternary-calc.41, ignoring it.
\epsfgetbb ...Could not open file #1, ignoring it}
                                                  \else {\chardef \other = 1...

\next #1->\epsfgetbb {#1}
                         \epsfsetgraph {#1}
\epsfbox #1->\hbox {\possiblyflakyepsfbox {#1}
                                              }
l.1215 $$\vcenter{\epsfbox{skew-ternary-calc.41}
                                                }\quad\lower15pt\hbox{,}$$
? 
)

Overfull \hbox (12.77238pt too wide) detected at line 1215
[] []|

\hbox(327.71124+322.71124)x469.75499
.\vbox(327.71124+322.71124)x469.74957
..\hbox(650.42249+0.0)x469.74957
...\hbox(650.42249+0.0)x469.74957 []
.\glue 10.00002
.\hbox(1.05554+1.94444)x2.77779, shifted 15.0
..\tenrm ,
.\rule(*+*)x5.0

[39]
Overfull \vbox (34.1737pt too high) has occurred while \output is active
\vbox(628.74878+0.0)x469.75499, glue set - 1.0
.\glue(\topskip) 2.5 plus 60.0
.\hbox(7.5+2.5)x469.75499, glue set - 0.01724
..\hbox(0.0+0.0)x10.00002
..\tenrm A
..\tenrm c
..\tenrm c
..\tenrm o
..etc.
.\penalty 10000
.\glue(\abovedisplayskip) 12.0 plus 3.0 minus 9.0
.\glue(\lineskip) 1.0
.etc.


[40
Non-PDF special ignored!]
(skew-ternary-calc.42
! Could not open file skew-ternary-calc.42, ignoring it.
\epsfgetbb ...Could not open file #1, ignoring it}
                                                  \else {\chardef \other = 1...

\next #1->\epsfgetbb {#1}
                         \epsfsetgraph {#1}
\epsfbox #1->\hbox {\possiblyflakyepsfbox {#1}
                                              }
l.1219 $$\vcenter{\epsfbox{skew-ternary-calc.42}
                                                }\quad\raise10pt\hbox{,}$$
? 
)

Overfull \hbox (12.77238pt too wide) detected at line 1219
[] []|

\hbox(327.71124+322.71124)x469.75499
.\vbox(327.71124+322.71124)x469.74957
..\hbox(650.42249+0.0)x469.74957
...\hbox(650.42249+0.0)x469.74957 []
.\glue 10.00002
.\hbox(1.05554+1.94444)x2.77779, shifted -10.0
..\tenrm ,
.\rule(*+*)x5.0

[41]
Overfull \vbox (33.61815pt too high) has occurred while \output is active
\vbox(628.74878+0.0)x469.75499, glue set - 1.0
.\glue(\topskip) 3.05556 plus 60.0
.\hbox(6.94444+1.94444)x469.75499, glue set 102.36551fil
..\tenrm i
..\tenrm s
..\glue 3.33333 plus 1.66666 minus 1.11111
..\tenrm r
..\tenrm e
..etc.
.\penalty 10000
.\glue(\abovedisplayskip) 12.0 plus 3.0 minus 9.0
.\glue(\lineskip) 1.0
.etc.


[42
Non-PDF special ignored!]
(skew-ternary-calc.81
! Could not open file skew-ternary-calc.81, ignoring it.
\epsfgetbb ...Could not open file #1, ignoring it}
                                                  \else {\chardef \other = 1...

\next #1->\epsfgetbb {#1}
                         \epsfsetgraph {#1}
\epsfbox #1->\hbox {\possiblyflakyepsfbox {#1}
                                              }
l.1254 ...=.5\hsize \epsfbox{skew-ternary-calc.81}
                                                  \cr\noalign{\smallskip}
? 
)
(skew-ternary-calc.82
! Could not open file skew-ternary-calc.82, ignoring it.
\epsfgetbb ...Could not open file #1, ignoring it}
                                                  \else {\chardef \other = 1...

\next #1->\epsfgetbb {#1}
                         \epsfsetgraph {#1}
\epsfbox #1->\hbox {\possiblyflakyepsfbox {#1}
                                              }
l.1255 ...=.5\hsize \epsfbox{skew-ternary-calc.82}
                                                  \cr\noalign{\smallskip}
? 
)
(skew-ternary-calc.84
! Could not open file skew-ternary-calc.84, ignoring it.
\epsfgetbb ...Could not open file #1, ignoring it}
                                                  \else {\chardef \other = 1...

\next #1->\epsfgetbb {#1}
                         \epsfsetgraph {#1}
\epsfbox #1->\hbox {\possiblyflakyepsfbox {#1}
                                              }
l.1256 ...=.5\hsize \epsfbox{skew-ternary-calc.84}
                                                  \cr}}$$
? 
)
[43] [44]
Overfull \vbox (366.84033pt too high) has occurred while \output is active
\vbox(628.74878+0.0)x469.75499, glue set - 1.0
.\glue(\topskip) 3.05556 plus 60.0
.\hbox(6.94444+1.94444)x469.75499, glue set 44.25775fil
..\hbox(0.0+0.0)x10.00002
..\tenrm F
..\kern-0.83334
..\tenrm o
..\tenrm r
..etc.
.\penalty 10000
.\glue(\abovedisplayskip) 12.0 plus 3.0 minus 9.0
.\glue(\lineskip) 1.0
.etc.


[45
Non-PDF special ignored!
Non-PDF special ignored!
Non-PDF special ignored!] [46] [47]
(skew-ternary-calc.14
! Could not open file skew-ternary-calc.14, ignoring it.
\epsfgetbb ...Could not open file #1, ignoring it}
                                                  \else {\chardef \other = 1...

\next #1->\epsfgetbb {#1}
                         \epsfsetgraph {#1}
\epsfbox #1->\hbox {\possiblyflakyepsfbox {#1}
                                              }
l.1472 $$\vcenter{\epsfbox{skew-ternary-calc.14}
                                                }$$
? 
)
[48] [49]
Overfull \vbox (34.1737pt too high) has occurred while \output is active
\vbox(628.74878+0.0)x469.75499, glue set - 1.0
.\glue(\topskip) 2.5 plus 60.0
.\hbox(7.5+2.5)x469.75499, glue set 137.33777fil
..\hbox(0.0+0.0)x10.00002
..\tenrm F
..\kern-0.83334
..\tenrm o
..\tenrm r
..etc.
.\penalty 10000
.\glue(\abovedisplayskip) 12.0 plus 3.0 minus 9.0
.\glue(\lineskip) 1.0
.etc.


[50
Non-PDF special ignored!] [51] *51
(skew-ternary-calc.50
! Could not open file skew-ternary-calc.50, ignoring it.
\epsfgetbb ...Could not open file #1, ignoring it}
                                                  \else {\chardef \other = 1...

\next #1->\epsfgetbb {#1}
                         \epsfsetgraph {#1}
\epsfbox #1->\hbox {\possiblyflakyepsfbox {#1}
                                              }
l.1495 $$\vcenter{\epsfbox{skew-ternary-calc.50}
                                                }\eqno(\ddag)$$
? 
)
[52]
Overfull \vbox (46.11815pt too high) has occurred while \output is active
\vbox(628.74878+0.0)x469.75499, glue set - 1.0
.\glue(\topskip) 3.05556 plus 60.0
.\hbox(6.94444+1.94444)x469.75499, glue set 55.84103fil
..\teni S
..\kern0.57637
..\mathoff
..\glue 3.33333 plus 1.66666 minus 1.11111
..\tenrm i
..etc.
.\penalty 10000
.\glue(\abovedisplayskip) 12.0 plus 3.0 minus 9.0
.\glue(\lineskip) 1.0
.etc.


[53
Non-PDF special ignored!]
(skew-ternary-calc.51
! Could not open file skew-ternary-calc.51, ignoring it.
\epsfgetbb ...Could not open file #1, ignoring it}
                                                  \else {\chardef \other = 1...

\next #1->\epsfgetbb {#1}
                         \epsfsetgraph {#1}
\epsfbox #1->\hbox {\possiblyflakyepsfbox {#1}
                                              }
l.1541 ...d\vcenter{\epsfbox{skew-ternary-calc.51}
                                                  }\;;\qquad
? 
)
(skew-ternary-calc.52
! Could not open file skew-ternary-calc.52, ignoring it.
\epsfgetbb ...Could not open file #1, ignoring it}
                                                  \else {\chardef \other = 1...

\next #1->\epsfgetbb {#1}
                         \epsfsetgraph {#1}
\epsfbox #1->\hbox {\possiblyflakyepsfbox {#1}
                                              }
l.1542 ...d\vcenter{\epsfbox{skew-ternary-calc.52}
                                                  }$$
? 
)

Overfull \hbox (540.8553pt too wide) detected at line 1542
[] [] \tenrm ;  [] []|

\hbox(327.71124+322.71124)x469.75499
.\hbox(7.5+2.5)x10.55559
..\tenrm (
..\tenrm i
..\tenrm )
.\glue 10.00002
.\vbox(327.71124+322.71124)x469.74957
..\hbox(650.42249+0.0)x469.74957
...\hbox(650.42249+0.0)x469.74957 []
.\glue 2.77771 plus 2.77771
.\tenrm ;
.etc.

[54] [55]
Overfull \vbox (33.61815pt too high) has occurred while \output is active
\vbox(628.74878+0.0)x469.75499, glue set - 1.0
.\glue(\topskip) 3.05556 plus 60.0
.\hbox(6.94444+1.94444)x469.75499, glue set 337.8161fil
..\tenrm T
..\tenrm h
..\tenrm i
..\tenrm s
..\glue 3.33333 plus 1.66666 minus 1.11111
..etc.
.\penalty 10000
.\glue(\abovedisplayskip) 12.0 plus 3.0 minus 9.0
.\glue(\lineskip) 1.0
.etc.


[56
Non-PDF special ignored!
Non-PDF special ignored!]
(skew-ternary-calc.90
! Could not open file skew-ternary-calc.90, ignoring it.
\epsfgetbb ...Could not open file #1, ignoring it}
                                                  \else {\chardef \other = 1...

\next #1->\epsfgetbb {#1}
                         \epsfsetgraph {#1}
\epsfbox #1->\hbox {\possiblyflakyepsfbox {#1}
                                              }
\\...er {\medskip \epsfbox {skew-ternary-calc.9#1}
                                                  \medskip }$
l.1558 0
        &(r_0)(r_2)(r_3r_1)&\tree0\cr
? 
)
(skew-ternary-calc.100
! Could not open file skew-ternary-calc.100, ignoring it.
\epsfgetbb ...Could not open file #1, ignoring it}
                                                  \else {\chardef \other = 1...

\next #1->\epsfgetbb {#1}
                         \epsfsetgraph {#1}
\epsfbox #1->\hbox {\possiblyflakyepsfbox {#1}
                                              }
\tree ...2{.8##1}\epsfbox {skew-ternary-calc.10#1}
                                                  }
l.1558 0&(r_0)(r_2)(r_3r_1)&\tree0
                                  \cr
? 
)
(skew-ternary-calc.91
! Could not open file skew-ternary-calc.91, ignoring it.
\epsfgetbb ...Could not open file #1, ignoring it}
                                                  \else {\chardef \other = 1...

\next #1->\epsfgetbb {#1}
                         \epsfsetgraph {#1}
\epsfbox #1->\hbox {\possiblyflakyepsfbox {#1}
                                              }
\\...er {\medskip \epsfbox {skew-ternary-calc.9#1}
                                                  \medskip }$
l.1559 1
        &(r_0a_2)(a_0r_2)(r_3a_3)(a_1r_1)&\tree1=\tree0\join A\tree0\cr
? 
)
(skew-ternary-calc.101
! Could not open file skew-ternary-calc.101, ignoring it.
\epsfgetbb ...Could not open file #1, ignoring it}
                                                  \else {\chardef \other = 1...

\next #1->\epsfgetbb {#1}
                         \epsfsetgraph {#1}
\epsfbox #1->\hbox {\possiblyflakyepsfbox {#1}
                                              }
\tree ...2{.8##1}\epsfbox {skew-ternary-calc.10#1}
                                                  }
l.1559 1&(r_0a_2)(a_0r_2)(r_3a_3)(a_1r_1)&\tree1
                                                =\tree0\join A\tree0\cr
? 
)
(skew-ternary-calc.100
! Could not open file skew-ternary-calc.100, ignoring it.
\epsfgetbb ...Could not open file #1, ignoring it}
                                                  \else {\chardef \other = 1...

\next #1->\epsfgetbb {#1}
                         \epsfsetgraph {#1}
\epsfbox #1->\hbox {\possiblyflakyepsfbox {#1}
                                              }
\tree ...2{.8##1}\epsfbox {skew-ternary-calc.10#1}
                                                  }
l.1559 ...2)(a_0r_2)(r_3a_3)(a_1r_1)&\tree1=\tree0
                                                  \join A\tree0\cr
? 
)
(skew-ternary-calc.100
! Could not open file skew-ternary-calc.100, ignoring it.
\epsfgetbb ...Could not open file #1, ignoring it}
                                                  \else {\chardef \other = 1...

\next #1->\epsfgetbb {#1}
                         \epsfsetgraph {#1}
\epsfbox #1->\hbox {\possiblyflakyepsfbox {#1}
                                              }
\tree ...2{.8##1}\epsfbox {skew-ternary-calc.10#1}
                                                  }
l.1559 ...3a_3)(a_1r_1)&\tree1=\tree0\join A\tree0
                                                  \cr
? 
)
(skew-ternary-calc.92
! Could not open file skew-ternary-calc.92, ignoring it.
\epsfgetbb ...Could not open file #1, ignoring it}
                                                  \else {\chardef \other = 1...

\next #1->\epsfgetbb {#1}
                         \epsfsetgraph {#1}
\epsfbox #1->\hbox {\possiblyflakyepsfbox {#1}
                                              }
\\...er {\medskip \epsfbox {skew-ternary-calc.9#1}
                                                  \medskip }$
l.1560 2
        &(r_0b_2a_2)(b_0r_2a_0)(r_3b_3)(b_1a_3)(a_1r_1)&
? 
)
(skew-ternary-calc.102
! Could not open file skew-ternary-calc.102, ignoring it.
\epsfgetbb ...Could not open file #1, ignoring it}
                                                  \else {\chardef \other = 1...

\next #1->\epsfgetbb {#1}
                         \epsfsetgraph {#1}
\epsfbox #1->\hbox {\possiblyflakyepsfbox {#1}
                                              }
\tree ...2{.8##1}\epsfbox {skew-ternary-calc.10#1}
                                                  }
l.1561 \tree2
             =\btree1\join B\tree0\cr
? 
)
(skew-ternary-calc.201
! Could not open file skew-ternary-calc.201, ignoring it.
\epsfgetbb ...Could not open file #1, ignoring it}
                                                  \else {\chardef \other = 1...

\next #1->\epsfgetbb {#1}
                         \epsfsetgraph {#1}
\epsfbox #1->\hbox {\possiblyflakyepsfbox {#1}
                                              }
\btree ...{.8##1}\epsfbox {skew-ternary-calc.20#1}
                                                  }
l.1561 \tree2=\btree1
                     \join B\tree0\cr
? 
)
(skew-ternary-calc.100
! Could not open file skew-ternary-calc.100, ignoring it.
\epsfgetbb ...Could not open file #1, ignoring it}
                                                  \else {\chardef \other = 1...

\next #1->\epsfgetbb {#1}
                         \epsfsetgraph {#1}
\epsfbox #1->\hbox {\possiblyflakyepsfbox {#1}
                                              }
\tree ...2{.8##1}\epsfbox {skew-ternary-calc.10#1}
                                                  }
l.1561 \tree2=\btree1\join B\tree0
                                  \cr
? 
)
(skew-ternary-calc.93
! Could not open file skew-ternary-calc.93, ignoring it.
\epsfgetbb ...Could not open file #1, ignoring it}
                                                  \else {\chardef \other = 1...

\next #1->\epsfgetbb {#1}
                         \epsfsetgraph {#1}
\epsfbox #1->\hbox {\possiblyflakyepsfbox {#1}
                                              }
\\...er {\medskip \epsfbox {skew-ternary-calc.9#1}
                                                  \medskip }$
l.1562 3
        &(r_0a_2)(a_0b_2)(b_0r_2)(r_3b_3a_3)(a_1b_1r_1)&
? 
)
(skew-ternary-calc.103
! Could not open file skew-ternary-calc.103, ignoring it.
\epsfgetbb ...Could not open file #1, ignoring it}
                                                  \else {\chardef \other = 1...

\next #1->\epsfgetbb {#1}
                         \epsfsetgraph {#1}
\epsfbox #1->\hbox {\possiblyflakyepsfbox {#1}
                                              }
\tree ...2{.8##1}\epsfbox {skew-ternary-calc.10#1}
                                                  }
l.1563 \tree3
             =\tree0\join A\btree0\cr
? 
)
(skew-ternary-calc.100
! Could not open file skew-ternary-calc.100, ignoring it.
\epsfgetbb ...Could not open file #1, ignoring it}
                                                  \else {\chardef \other = 1...

\next #1->\epsfgetbb {#1}
                         \epsfsetgraph {#1}
\epsfbox #1->\hbox {\possiblyflakyepsfbox {#1}
                                              }
\tree ...2{.8##1}\epsfbox {skew-ternary-calc.10#1}
                                                  }
l.1563 \tree3=\tree0
                    \join A\btree0\cr
? 
)
(skew-ternary-calc.200
! Could not open file skew-ternary-calc.200, ignoring it.
\epsfgetbb ...Could not open file #1, ignoring it}
                                                  \else {\chardef \other = 1...

\next #1->\epsfgetbb {#1}
                         \epsfsetgraph {#1}
\epsfbox #1->\hbox {\possiblyflakyepsfbox {#1}
                                              }
\btree ...{.8##1}\epsfbox {skew-ternary-calc.20#1}
                                                  }
l.1563 \tree3=\tree0\join A\btree0
                                  \cr
? 
)
(skew-ternary-calc.94
! Could not open file skew-ternary-calc.94, ignoring it.
\epsfgetbb ...Could not open file #1, ignoring it}
                                                  \else {\chardef \other = 1...

\next #1->\epsfgetbb {#1}
                         \epsfsetgraph {#1}
\epsfbox #1->\hbox {\possiblyflakyepsfbox {#1}
                                              }
\\...er {\medskip \epsfbox {skew-ternary-calc.9#1}
                                                  \medskip }$
l.1564 4
        &(r_0c_2b_2a_2)(r_2a_0b_0c_0)(r_3c_3)(c_1b_3)(b_1a_3)(a_1r_1)&
? 
)
(skew-ternary-calc.104
! Could not open file skew-ternary-calc.104, ignoring it.
\epsfgetbb ...Could not open file #1, ignoring it}
                                                  \else {\chardef \other = 1...

\next #1->\epsfgetbb {#1}
                         \epsfsetgraph {#1}
\epsfbox #1->\hbox {\possiblyflakyepsfbox {#1}
                                              }
\tree ...2{.8##1}\epsfbox {skew-ternary-calc.10#1}
                                                  }
l.1565 \tree4
             =\btree2\join C\tree0\cr
? 
)
(skew-ternary-calc.202
! Could not open file skew-ternary-calc.202, ignoring it.
\epsfgetbb ...Could not open file #1, ignoring it}
                                                  \else {\chardef \other = 1...

\next #1->\epsfgetbb {#1}
                         \epsfsetgraph {#1}
\epsfbox #1->\hbox {\possiblyflakyepsfbox {#1}
                                              }
\btree ...{.8##1}\epsfbox {skew-ternary-calc.20#1}
                                                  }
l.1565 \tree4=\btree2
                     \join C\tree0\cr
? 
)
(skew-ternary-calc.100
! Could not open file skew-ternary-calc.100, ignoring it.
\epsfgetbb ...Could not open file #1, ignoring it}
                                                  \else {\chardef \other = 1...

\next #1->\epsfgetbb {#1}
                         \epsfsetgraph {#1}
\epsfbox #1->\hbox {\possiblyflakyepsfbox {#1}
                                              }
\tree ...2{.8##1}\epsfbox {skew-ternary-calc.10#1}
                                                  }
l.1565 \tree4=\btree2\join C\tree0
                                  \cr
? 
)
(skew-ternary-calc.95
! Could not open file skew-ternary-calc.95, ignoring it.
\epsfgetbb ...Could not open file #1, ignoring it}
                                                  \else {\chardef \other = 1...

\next #1->\epsfgetbb {#1}
                         \epsfsetgraph {#1}
\epsfbox #1->\hbox {\possiblyflakyepsfbox {#1}
                                              }
\\...er {\medskip \epsfbox {skew-ternary-calc.9#1}
                                                  \medskip }$
l.1566 5
        &(r_0b_2a_2)(r_2a_0c_0)(b_0c_2)(r_3c_3b_3)(r_1a_1)(b_1c_1a_3)&
? 
)
(skew-ternary-calc.105
! Could not open file skew-ternary-calc.105, ignoring it.
\epsfgetbb ...Could not open file #1, ignoring it}
                                                  \else {\chardef \other = 1...

\next #1->\epsfgetbb {#1}
                         \epsfsetgraph {#1}
\epsfbox #1->\hbox {\possiblyflakyepsfbox {#1}
                                              }
\tree ...2{.8##1}\epsfbox {skew-ternary-calc.10#1}
                                                  }
l.1567 \tree5
             =\btree1\join B\btree5\cr
? 
)
(skew-ternary-calc.201
! Could not open file skew-ternary-calc.201, ignoring it.
\epsfgetbb ...Could not open file #1, ignoring it}
                                                  \else {\chardef \other = 1...

\next #1->\epsfgetbb {#1}
                         \epsfsetgraph {#1}
\epsfbox #1->\hbox {\possiblyflakyepsfbox {#1}
                                              }
\btree ...{.8##1}\epsfbox {skew-ternary-calc.20#1}
                                                  }
l.1567 \tree5=\btree1
                     \join B\btree5\cr
? 
)
(skew-ternary-calc.205
! Could not open file skew-ternary-calc.205, ignoring it.
\epsfgetbb ...Could not open file #1, ignoring it}
                                                  \else {\chardef \other = 1...

\next #1->\epsfgetbb {#1}
                         \epsfsetgraph {#1}
\epsfbox #1->\hbox {\possiblyflakyepsfbox {#1}
                                              }
\btree ...{.8##1}\epsfbox {skew-ternary-calc.20#1}
                                                  }
l.1567 \tree5=\btree1\join B\btree5
                                   \cr
? 
)
(skew-ternary-calc.96
! Could not open file skew-ternary-calc.96, ignoring it.
\epsfgetbb ...Could not open file #1, ignoring it}
                                                  \else {\chardef \other = 1...

\next #1->\epsfgetbb {#1}
                         \epsfsetgraph {#1}
\epsfbox #1->\hbox {\possiblyflakyepsfbox {#1}
                                              }
\\...er {\medskip \epsfbox {skew-ternary-calc.9#1}
                                                  \medskip }$
l.1568 6
        &(r_0c_2a_2)(r_2b_0c_0)(a_0b_2)(r_3c_3)(r_1a_1b_1)(c_1b_3a_3)&
? 
)
(skew-ternary-calc.106
! Could not open file skew-ternary-calc.106, ignoring it.
\epsfgetbb ...Could not open file #1, ignoring it}
                                                  \else {\chardef \other = 1...

\next #1->\epsfgetbb {#1}
                         \epsfsetgraph {#1}
\epsfbox #1->\hbox {\possiblyflakyepsfbox {#1}
                                              }
\tree ...2{.8##1}\epsfbox {skew-ternary-calc.10#1}
                                                  }
l.1569 \tree6
             =\btree4\join C\tree0\cr
? 
)
(skew-ternary-calc.204
! Could not open file skew-ternary-calc.204, ignoring it.
\epsfgetbb ...Could not open file #1, ignoring it}
                                                  \else {\chardef \other = 1...

\next #1->\epsfgetbb {#1}
                         \epsfsetgraph {#1}
\epsfbox #1->\hbox {\possiblyflakyepsfbox {#1}
                                              }
\btree ...{.8##1}\epsfbox {skew-ternary-calc.20#1}
                                                  }
l.1569 \tree6=\btree4
                     \join C\tree0\cr
? 
)
(skew-ternary-calc.100
! Could not open file skew-ternary-calc.100, ignoring it.
\epsfgetbb ...Could not open file #1, ignoring it}
                                                  \else {\chardef \other = 1...

\next #1->\epsfgetbb {#1}
                         \epsfsetgraph {#1}
\epsfbox #1->\hbox {\possiblyflakyepsfbox {#1}
                                              }
\tree ...2{.8##1}\epsfbox {skew-ternary-calc.10#1}
                                                  }
l.1569 \tree6=\btree4\join C\tree0
                                  \cr
? 
)
(skew-ternary-calc.97
! Could not open file skew-ternary-calc.97, ignoring it.
\epsfgetbb ...Could not open file #1, ignoring it}
                                                  \else {\chardef \other = 1...

\next #1->\epsfgetbb {#1}
                         \epsfsetgraph {#1}
\epsfbox #1->\hbox {\possiblyflakyepsfbox {#1}
                                              }
\\...er {\medskip \epsfbox {skew-ternary-calc.9#1}
                                                  \medskip }$
l.1570 7
        &(r_0c_2a_2)(c_0b_2a_0)(b_0r_2)(r_3b_3c_3)(c_1a_3)(a_1b_1r_1)&
? 
)
(skew-ternary-calc.107
! Could not open file skew-ternary-calc.107, ignoring it.
\epsfgetbb ...Could not open file #1, ignoring it}
                                                  \else {\chardef \other = 1...

\next #1->\epsfgetbb {#1}
                         \epsfsetgraph {#1}
\epsfbox #1->\hbox {\possiblyflakyepsfbox {#1}
                                              }
\tree ...2{.8##1}\epsfbox {skew-ternary-calc.10#1}
                                                  }
l.1571 \tree7
             =\btree3\join C\tree0\cr
? 
)
(skew-ternary-calc.203
! Could not open file skew-ternary-calc.203, ignoring it.
\epsfgetbb ...Could not open file #1, ignoring it}
                                                  \else {\chardef \other = 1...

\next #1->\epsfgetbb {#1}
                         \epsfsetgraph {#1}
\epsfbox #1->\hbox {\possiblyflakyepsfbox {#1}
                                              }
\btree ...{.8##1}\epsfbox {skew-ternary-calc.20#1}
                                                  }
l.1571 \tree7=\btree3
                     \join C\tree0\cr
? q
OK, entering \batchmode...
)
(skew-ternary-calc.100
! Could not open file skew-ternary-calc.100, ignoring it.
\epsfgetbb ...Could not open file #1, ignoring it}
                                                  \else {\chardef \other = 1...

\next #1->\epsfgetbb {#1}
                         \epsfsetgraph {#1}
\epsfbox #1->\hbox {\possiblyflakyepsfbox {#1}
                                              }
\tree ...2{.8##1}\epsfbox {skew-ternary-calc.10#1}
                                                  }
l.1571 \tree7=\btree3\join C\tree0
                                  \cr
This error message was generated by an \errmessage
command, so I can't give any explicit help.
Pretend that you're Hercule Poirot: Examine all clues,
and deduce the truth by order and method.

)
(skew-ternary-calc.98
! Could not open file skew-ternary-calc.98, ignoring it.
\epsfgetbb ...Could not open file #1, ignoring it}
                                                  \else {\chardef \other = 1...

\next #1->\epsfgetbb {#1}
                         \epsfsetgraph {#1}
\epsfbox #1->\hbox {\possiblyflakyepsfbox {#1}
                                              }
\\...er {\medskip \epsfbox {skew-ternary-calc.9#1}
                                                  \medskip }$
l.1572 8
        &(r_0a_2)(a_0b_2c_2)(r_2c_0b_0)(r_3b_3a_3)(b_1c_3)(a_1c_1r_1)&
(That was another \errmessage.)

)
(skew-ternary-calc.108
! Could not open file skew-ternary-calc.108, ignoring it.
\epsfgetbb ...Could not open file #1, ignoring it}
                                                  \else {\chardef \other = 1...

\next #1->\epsfgetbb {#1}
                         \epsfsetgraph {#1}
\epsfbox #1->\hbox {\possiblyflakyepsfbox {#1}
                                              }
\tree ...2{.8##1}\epsfbox {skew-ternary-calc.10#1}
                                                  }
l.1573 \tree8
             =\tree0\join A\btree6\cr
(That was another \errmessage.)

)
(skew-ternary-calc.100
! Could not open file skew-ternary-calc.100, ignoring it.
\epsfgetbb ...Could not open file #1, ignoring it}
                                                  \else {\chardef \other = 1...

\next #1->\epsfgetbb {#1}
                         \epsfsetgraph {#1}
\epsfbox #1->\hbox {\possiblyflakyepsfbox {#1}
                                              }
\tree ...2{.8##1}\epsfbox {skew-ternary-calc.10#1}
                                                  }
l.1573 \tree8=\tree0
                    \join A\btree6\cr
(That was another \errmessage.)

)
(skew-ternary-calc.206
! Could not open file skew-ternary-calc.206, ignoring it.
\epsfgetbb ...Could not open file #1, ignoring it}
                                                  \else {\chardef \other = 1...

\next #1->\epsfgetbb {#1}
                         \epsfsetgraph {#1}
\epsfbox #1->\hbox {\possiblyflakyepsfbox {#1}
                                              }
\btree ...{.8##1}\epsfbox {skew-ternary-calc.20#1}
                                                  }
l.1573 \tree8=\tree0\join A\btree6
                                  \cr
(That was another \errmessage.)

)
(skew-ternary-calc.99
! Could not open file skew-ternary-calc.99, ignoring it.
\epsfgetbb ...Could not open file #1, ignoring it}
                                                  \else {\chardef \other = 1...

\next #1->\epsfgetbb {#1}
                         \epsfsetgraph {#1}
\epsfbox #1->\hbox {\possiblyflakyepsfbox {#1}
                                              }
\\...er {\medskip \epsfbox {skew-ternary-calc.9#1}
                                                  \medskip }$
l.1574 9
        &(r_0a_2)(a_0b_2)(b_0c_2)(c_0r_2)(r_3c_3b_3a_3)(r_1a_1b_1c_1)&
(That was another \errmessage.)

)
(skew-ternary-calc.109
! Could not open file skew-ternary-calc.109, ignoring it.
\epsfgetbb ...Could not open file #1, ignoring it}
                                                  \else {\chardef \other = 1...

\next #1->\epsfgetbb {#1}
                         \epsfsetgraph {#1}
\epsfbox #1->\hbox {\possiblyflakyepsfbox {#1}
                                              }
\tree ...2{.8##1}\epsfbox {skew-ternary-calc.10#1}
                                                  }
l.1575 \tree9
             =\tree0\join A\btree7\cr
(That was another \errmessage.)

)
(skew-ternary-calc.100
! Could not open file skew-ternary-calc.100, ignoring it.
\epsfgetbb ...Could not open file #1, ignoring it}
                                                  \else {\chardef \other = 1...

\next #1->\epsfgetbb {#1}
                         \epsfsetgraph {#1}
\epsfbox #1->\hbox {\possiblyflakyepsfbox {#1}
                                              }
\tree ...2{.8##1}\epsfbox {skew-ternary-calc.10#1}
                                                  }
l.1575 \tree9=\tree0
                    \join A\btree7\cr
(That was another \errmessage.)

)
(skew-ternary-calc.207
! Could not open file skew-ternary-calc.207, ignoring it.
\epsfgetbb ...Could not open file #1, ignoring it}
                                                  \else {\chardef \other = 1...

\next #1->\epsfgetbb {#1}
                         \epsfsetgraph {#1}
\epsfbox #1->\hbox {\possiblyflakyepsfbox {#1}
                                              }
\btree ...{.8##1}\epsfbox {skew-ternary-calc.20#1}
                                                  }
l.1575 \tree9=\tree0\join A\btree7
                                  \cr
(That was another \errmessage.)

)

Overfull \hbox (1386.73158pt too wide) detected at line 1576
[]|

\hbox(3319.11243+3314.11243)x469.75499
.\vbox(3319.11243+3314.11243)x1856.48657
..\hbox(333.71124+328.71124)x1856.48657
...\glue(\tabskip) 0.0
...\hbox(333.71124+328.71124)x469.74957 []
...\glue(\tabskip) 0.0
...\hbox(333.71124+328.71124)x212.11166, glue set 132.78738fil []
...\glue(\tabskip) 0.0
...etc.
..\glue(\lineskip) 1.0
..\hbox(333.71124+328.71124)x1856.48657
...\glue(\tabskip) 0.0
...\hbox(333.71124+328.71124)x469.74957 []
...\glue(\tabskip) 0.0
...\hbox(333.71124+328.71124)x212.11166, glue set 85.92151fil []
...\glue(\tabskip) 0.0
...etc.
..\glue(\lineskip) 1.0
..\hbox(333.71124+328.71124)x1856.48657
...\glue(\tabskip) 0.0
...\hbox(333.71124+328.71124)x469.74957 []
...\glue(\tabskip) 0.0
...\hbox(333.71124+328.71124)x212.11166, glue set 43.03256fil []
...\glue(\tabskip) 0.0
...etc.
..etc.
.\rule(*+*)x5.0

 [57] [58]
Overfull \vbox (6016.42052pt too high) has occurred while \output is active
\vbox(628.74878+0.0)x469.75499, glue set - 1.0
.\glue(\topskip) 3.05556 plus 60.0
.\hbox(6.94444+1.94444)x469.75499, glue set 99.5322fil
..\tenrm e
..\tenrm d
..\tenrm g
..\tenrm e
..\tenrm s
..etc.
.\penalty 10000
.\glue(\abovedisplayskip) 12.0 plus 3.0 minus 9.0
.\glue(\lineskip) 1.0
.etc.

 [59
Non-PDF special ignored!
Non-PDF special ignored!
Non-PDF special ignored!
Non-PDF special ignored!
Non-PDF special ignored!
Non-PDF special ignored!
Non-PDF special ignored!
Non-PDF special ignored!
Non-PDF special ignored!
Non-PDF special ignored!
Non-PDF special ignored!
Non-PDF special ignored!
Non-PDF special ignored!
Non-PDF special ignored!
Non-PDF special ignored!
Non-PDF special ignored!
Non-PDF special ignored!
Non-PDF special ignored!
Non-PDF special ignored!
Non-PDF special ignored!
Non-PDF special ignored!
Non-PDF special ignored!
Non-PDF special ignored!
Non-PDF special ignored!
Non-PDF special ignored!
Non-PDF special ignored!
Non-PDF special ignored!
Non-PDF special ignored!
Non-PDF special ignored!
Non-PDF special ignored!
Non-PDF special ignored!
Non-PDF special ignored!
Non-PDF special ignored!
Non-PDF special ignored!
Non-PDF special ignored!
Non-PDF special ignored!
Non-PDF special ignored!
Non-PDF special ignored!] [60] [61]
(skew-ternary-calc.110
! Could not open file skew-ternary-calc.110, ignoring it.
\epsfgetbb ...Could not open file #1, ignoring it}
                                                  \else {\chardef \other = 1...

\next #1->\epsfgetbb {#1}
                         \epsfsetgraph {#1}
\epsfbox #1->\hbox {\possiblyflakyepsfbox {#1}
                                              }
l.1802 $$\vcenter{\epsfbox{skew-ternary-calc.110}
                                                 }$$
(That was another \errmessage.)

)
 [62] [63]
Overfull \vbox (33.61815pt too high) has occurred while \output is active
\vbox(628.74878+0.0)x469.75499, glue set - 1.0
.\glue(\topskip) 3.05556 plus 60.0
.\hbox(6.94444+1.94444)x469.75499, glue set 181.03221fil
..\tenrm b
..\kern0.27779
..\tenrm e
..\discretionary
...\tenrm -
..\tenrm g
..etc.
.\penalty 10000
.\glue(\abovedisplayskip) 12.0 plus 3.0 minus 9.0
.\glue(\lineskip) 1.0
.etc.

 [64
Non-PDF special ignored!]
(skew-ternary-calc.9
! Could not open file skew-ternary-calc.9, ignoring it.
\epsfgetbb ...Could not open file #1, ignoring it}
                                                  \else {\chardef \other = 1...

\next #1->\epsfgetbb {#1}
                         \epsfsetgraph {#1}
\epsfbox #1->\hbox {\possiblyflakyepsfbox {#1}
                                              }
l.1872 $$\vcenter{\epsfbox{skew-ternary-calc.9}
                                               }$$
(That was another \errmessage.)

)
 [65] [66]
Overfull \vbox (34.1737pt too high) has occurred while \output is active
\vbox(628.74878+0.0)x469.75499, glue set - 1.0
.\glue(\topskip) 2.5 plus 60.0
.\hbox(7.5+2.5)x469.75499, glue set 216.69897fil
..\tenrm (
..\tenrm i
..\tenrm l
..\discretionary
...\tenrm -
..\tenrm l
..etc.
.\penalty 10000
.\glue(\abovedisplayskip) 12.0 plus 3.0 minus 9.0
.\glue(\lineskip) 1.0
.etc.

 [67
Non-PDF special ignored!] [68] *67 Index: (./skew-ternary-calc.idx) [69] Sectio
n names: (./skew-ternary-calc.toc) (./skew-ternary-calc.scn) [70] Table of cont
ents: (./skew-ternary-calc.toc) [0] )</usr/share/texlive/texmf-dist/fonts/type1
/public/amsfonts/cm/cmbx10.pfb></usr/share/texlive/texmf-dist/fonts/type1/publi
c/amsfonts/cm/cmex10.pfb></usr/share/texlive/texmf-dist/fonts/type1/public/amsf
onts/cm/cmmi10.pfb></usr/share/texlive/texmf-dist/fonts/type1/public/amsfonts/c
m/cmmi5.pfb></usr/share/texlive/texmf-dist/fonts/type1/public/amsfonts/cm/cmmi7
.pfb></usr/share/texlive/texmf-dist/fonts/type1/public/amsfonts/cm/cmr10.pfb></
usr/share/texlive/texmf-dist/fonts/type1/public/amsfonts/cm/cmr5.pfb></usr/shar
e/texlive/texmf-dist/fonts/type1/public/amsfonts/cm/cmr7.pfb></usr/share/texliv
e/texmf-dist/fonts/type1/public/amsfonts/cm/cmr8.pfb></usr/share/texlive/texmf-
dist/fonts/type1/public/amsfonts/cm/cmr9.pfb></usr/share/texlive/texmf-dist/fon
ts/type1/public/amsfonts/cm/cmsl10.pfb></usr/share/texlive/texmf-dist/fonts/typ
e1/public/amsfonts/cm/cmsy10.pfb></usr/share/texlive/texmf-dist/fonts/type1/pub
lic/amsfonts/cm/cmsy7.pfb></usr/share/texlive/texmf-dist/fonts/type1/public/ams
fonts/cm/cmtex10.pfb></usr/share/texlive/texmf-dist/fonts/type1/public/amsfonts
/cm/cmti10.pfb></usr/share/texlive/texmf-dist/fonts/type1/public/amsfonts/cm/cm
tt10.pfb>
Output written on skew-ternary-calc.pdf (71 pages, 351589 bytes).
PDF statistics:
 1052 PDF objects out of 1200 (max. 8388607)
 953 compressed objects within 10 object streams
 1 named destinations out of 1000 (max. 500000)
 297 words of extra memory for PDF output out of 10000 (max. 10000000)

